<?xml version="1.0" encoding="UTF-8"?>
<!-- Generated by org.testng.reporters.JUnitReportReporter -->
<testsuite skipped="0" hostname="DESKTOP-2H64KVE" name="Mainclass.Test.logintestmaven" tests="1" failures="0" timestamp="15 Apr 2018 07:49:53 GMT" time="11.006" errors="0">
  <testcase name="LoginTest" time="11.006" classname="Mainclass.Test.logintestmaven"/>
</testsuite> <!-- Mainclass.Test.logintestmaven -->
